<?xml version="1.0" encoding="UTF-8"?>
<!-- Generated by org.testng.reporters.JUnitXMLReporter -->
<testsuite ignored="0" hostname="MAVBCP3296" failures="0" tests="1" name="SampleTest" time="0.096" errors="0" timestamp="2021-09-15T14:39:19 IST">
  <testcase classname="com.picnic.CrossBrowserScript" name="@BeforeTest setup" time="-1.631696959347E9">
    <failure type="org.testng.TestNGException" message="
Parameter &amp;apos;browser&amp;apos; is required by BeforeTest on method setup but has not been marked @Optional or defined
in C:\Users\asritharamr\eclipse-workspace-MavenSeleniumProject\MavenSelenium\testng.xml">
      <![CDATA[org.testng.TestNGException: 
Parameter 'browser' is required by BeforeTest on method setup but has not been marked @Optional or defined
in C:\Users\asritharamr\eclipse-workspace-MavenSeleniumProject\MavenSelenium\testng.xml
... Removed 21 stack frames]]>
    </failure>
  </testcase> <!-- @BeforeTest setup -->
  <testcase classname="com.picnic.CrossBrowserScript" name="testParameterWithXML" time="0.0">
    <skipped/>
  </testcase> <!-- testParameterWithXML -->
</testsuite> <!-- SampleTest -->
